<?xml version="1.0" encoding="UTF-8"?>
<!-- Generated by org.testng.reporters.JUnitReportReporter -->
<testsuite skipped="0" hostname="DESKTOP-JV4NU12" name="demoBank.testCases.TC_AddNewCustomer_003" tests="1" failures="0" timestamp="31 Jan 2020 08:03:03 GMT" time="28.771" errors="0">
  <testcase name="addNewCustomer" time="28.771" classname="demoBank.testCases.TC_AddNewCustomer_003"/>
</testsuite> <!-- demoBank.testCases.TC_AddNewCustomer_003 -->
